Started GET "/" for 192.168.33.1 at 2013-09-23 18:31:09 +0000
  [1m[36mActiveRecord::SchemaMigration Load (1.8ms)[0m  [1mSELECT `schema_migrations`.* FROM `schema_migrations`[0m

ActiveRecord::PendingMigrationError (Migrations are pending; run 'rake db:migrate RAILS_ENV=development' to resolve this issue.):
  activerecord (4.0.0) lib/active_record/migration.rb:379:in `check_pending!'
  activerecord (4.0.0) lib/active_record/migration.rb:366:in `call'
  actionpack (4.0.0) lib/action_dispatch/middleware/callbacks.rb:29:in `block in call'
  activesupport (4.0.0) lib/active_support/callbacks.rb:373:in `_run__144313587__call__callbacks'
  activesupport (4.0.0) lib/active_support/callbacks.rb:80:in `run_callbacks'
  actionpack (4.0.0) lib/action_dispatch/middleware/callbacks.rb:27:in `call'
  actionpack (4.0.0) lib/action_dispatch/middleware/reloader.rb:64:in `call'
  actionpack (4.0.0) lib/action_dispatch/middleware/remote_ip.rb:76:in `call'
  actionpack (4.0.0) lib/action_dispatch/middleware/debug_exceptions.rb:17:in `call'
  actionpack (4.0.0) lib/action_dispatch/middleware/show_exceptions.rb:30:in `call'
  railties (4.0.0) lib/rails/rack/logger.rb:38:in `call_app'
  railties (4.0.0) lib/rails/rack/logger.rb:23:in `call'
  actionpack (4.0.0) lib/action_dispatch/middleware/request_id.rb:21:in `call'
  rack (1.5.2) lib/rack/methodoverride.rb:21:in `call'
  rack (1.5.2) lib/rack/runtime.rb:17:in `call'
  activesupport (4.0.0) lib/active_support/cache/strategy/local_cache.rb:83:in `call'
  rack (1.5.2) lib/rack/lock.rb:17:in `call'
  actionpack (4.0.0) lib/action_dispatch/middleware/static.rb:64:in `call'
  railties (4.0.0) lib/rails/engine.rb:511:in `call'
  railties (4.0.0) lib/rails/application.rb:97:in `call'
  rack (1.5.2) lib/rack/content_length.rb:14:in `call'
  thin (1.5.1) lib/thin/connection.rb:81:in `block in pre_process'
  thin (1.5.1) lib/thin/connection.rb:79:in `catch'
  thin (1.5.1) lib/thin/connection.rb:79:in `pre_process'
  thin (1.5.1) lib/thin/connection.rb:54:in `process'
  thin (1.5.1) lib/thin/connection.rb:39:in `receive_data'
  eventmachine (1.0.3) lib/eventmachine.rb:187:in `run_machine'
  eventmachine (1.0.3) lib/eventmachine.rb:187:in `run'
  thin (1.5.1) lib/thin/backends/base.rb:63:in `start'
  thin (1.5.1) lib/thin/server.rb:159:in `start'
  rack (1.5.2) lib/rack/handler/thin.rb:16:in `run'
  rack (1.5.2) lib/rack/server.rb:264:in `start'
  railties (4.0.0) lib/rails/commands/server.rb:84:in `start'
  railties (4.0.0) lib/rails/commands.rb:78:in `block in <top (required)>'
  railties (4.0.0) lib/rails/commands.rb:73:in `tap'
  railties (4.0.0) lib/rails/commands.rb:73:in `<top (required)>'
  bin/rails:4:in `require'
  bin/rails:4:in `<main>'


  Rendered /home/vagrant/.rvm/gems/ruby-2.0.0-p247/gems/actionpack-4.0.0/lib/action_dispatch/middleware/templates/rescues/_source.erb (1.4ms)
  Rendered /home/vagrant/.rvm/gems/ruby-2.0.0-p247/gems/actionpack-4.0.0/lib/action_dispatch/middleware/templates/rescues/_trace.erb (4.9ms)
  Rendered /home/vagrant/.rvm/gems/ruby-2.0.0-p247/gems/actionpack-4.0.0/lib/action_dispatch/middleware/templates/rescues/_request_and_response.erb (1.9ms)
  Rendered /home/vagrant/.rvm/gems/ruby-2.0.0-p247/gems/actionpack-4.0.0/lib/action_dispatch/middleware/templates/rescues/diagnostics.erb within rescues/layout (227.1ms)
  [1m[36mActiveRecord::SchemaMigration Load (0.2ms)[0m  [1mSELECT `schema_migrations`.* FROM `schema_migrations`[0m
Migrating to CreateDelayedJobs (20130920221141)
  [1m[35m (5.9ms)[0m  CREATE TABLE `delayed_jobs` (`id` int(11) DEFAULT NULL auto_increment PRIMARY KEY, `priority` int(11) DEFAULT 0 NOT NULL, `attempts` int(11) DEFAULT 0 NOT NULL, `handler` text NOT NULL, `last_error` text, `run_at` datetime, `locked_at` datetime, `failed_at` datetime, `locked_by` varchar(255), `queue` varchar(255), `created_at` datetime, `updated_at` datetime) ENGINE=InnoDB
  [1m[36m (54.1ms)[0m  [1mCREATE INDEX `delayed_jobs_priority` ON `delayed_jobs` (`priority`, `run_at`) [0m
  [1m[35m (0.3ms)[0m  BEGIN
  [1m[36mSQL (0.2ms)[0m  [1mINSERT INTO `schema_migrations` (`version`) VALUES ('20130920221141')[0m
  [1m[35m (0.9ms)[0m  COMMIT
  [1m[36mActiveRecord::SchemaMigration Load (0.7ms)[0m  [1mSELECT `schema_migrations`.* FROM `schema_migrations`[0m
  [1m[35m (1.2ms)[0m  
 SELECT fk.referenced_table_name as 'to_table'
 ,fk.referenced_column_name as 'primary_key'
 ,fk.column_name as 'column'
 ,fk.constraint_name as 'name'
 FROM information_schema.key_column_usage fk
 WHERE fk.referenced_column_name is not null
 AND fk.table_schema = 'giftcard_development'
 AND fk.table_name = 'delayed_jobs'
 
  [1m[36m (0.3ms)[0m  [1mSHOW CREATE TABLE `delayed_jobs`[0m
  [1m[35m (0.4ms)[0m  
 SELECT fk.referenced_table_name as 'to_table'
 ,fk.referenced_column_name as 'primary_key'
 ,fk.column_name as 'column'
 ,fk.constraint_name as 'name'
 FROM information_schema.key_column_usage fk
 WHERE fk.referenced_column_name is not null
 AND fk.table_schema = 'giftcard_development'
 AND fk.table_name = 'wedding_lists'
 
  [1m[36m (0.3ms)[0m  [1mSHOW CREATE TABLE `wedding_lists`[0m
Started GET "/" for 192.168.33.1 at 2013-09-23 18:32:07 +0000
  [1m[36mActiveRecord::SchemaMigration Load (0.1ms)[0m  [1mSELECT `schema_migrations`.* FROM `schema_migrations`[0m
Processing by WelcomeController#index as HTML
  Rendered welcome/index.html.erb within layouts/application (14.2ms)
Compiled application.css  (8159ms)  (pid 2922)
Compiled jquery/jquery.js  (12ms)  (pid 2922)
Compiled turbolinks.js  (1287ms)  (pid 2922)
Compiled sass-bootstrap/js/bootstrap-alert.js  (8ms)  (pid 2922)
Compiled sass-bootstrap/js/bootstrap-modal.js  (5ms)  (pid 2922)
Compiled nprogress.js  (2ms)  (pid 2922)
Compiled nprogress-turbolinks.js  (0ms)  (pid 2922)
Compiled core/main.js  (3ms)  (pid 2922)
Compiled core/utils.js  (4ms)  (pid 2922)
Compiled fn/signUpForm.js  (3ms)  (pid 2922)
Compiled application.js  (1806ms)  (pid 2922)
  Rendered shared/_header.html.erb (1165.2ms)
Completed 500 Internal Server Error in 12202ms

ActionView::Template::Error (undefined method `wedding_list_new_path' for #<#<Class:0xa7f1750>:0xa807794>):
     7:       <div class="span6">
     8:         <ul class="inline main-menu">
     9:           <li class="menu-item">
    10:             <%= link_to t("menu.create"), :wedding_list_new, class: "btn-shibata" %>
    11:           </li>
    12:           <li class="menu-item">
    13:             <%= link_to t("menu.find"), :wedding_lists, class: "btn-shibata" %>
  app/views/shared/_header.html.erb:10:in `_app_views_shared__header_html_erb___1022812271_88372990'
  app/views/layouts/application.html.erb:22:in `_app_views_layouts_application_html_erb___785690678_88112250'


  Rendered /home/vagrant/.rvm/gems/ruby-2.0.0-p247/gems/actionpack-4.0.0/lib/action_dispatch/middleware/templates/rescues/_trace.erb (7.3ms)
  Rendered /home/vagrant/.rvm/gems/ruby-2.0.0-p247/gems/actionpack-4.0.0/lib/action_dispatch/middleware/templates/rescues/_request_and_response.erb (4.2ms)
  Rendered /home/vagrant/.rvm/gems/ruby-2.0.0-p247/gems/actionpack-4.0.0/lib/action_dispatch/middleware/templates/rescues/template_error.erb within rescues/layout (47.6ms)
Started GET "/" for 192.168.33.1 at 2013-09-23 18:32:50 +0000
Processing by WelcomeController#index as HTML
  Rendered welcome/index.html.erb within layouts/application (0.2ms)
  Rendered shared/_header.html.erb (3.6ms)
  Rendered shared/_footer.html.erb (283.3ms)
Completed 200 OK in 850ms (Views: 847.4ms | ActiveRecord: 0.0ms)
Started GET "/images/favicon.ico" for 192.168.33.1 at 2013-09-23 18:32:55 +0000

ActionController::RoutingError (No route matches [GET] "/images/favicon.ico"):
  actionpack (4.0.0) lib/action_dispatch/middleware/debug_exceptions.rb:21:in `call'
  actionpack (4.0.0) lib/action_dispatch/middleware/show_exceptions.rb:30:in `call'
  railties (4.0.0) lib/rails/rack/logger.rb:38:in `call_app'
  railties (4.0.0) lib/rails/rack/logger.rb:23:in `call'
  actionpack (4.0.0) lib/action_dispatch/middleware/request_id.rb:21:in `call'
  rack (1.5.2) lib/rack/methodoverride.rb:21:in `call'
  rack (1.5.2) lib/rack/runtime.rb:17:in `call'
  activesupport (4.0.0) lib/active_support/cache/strategy/local_cache.rb:83:in `call'
  rack (1.5.2) lib/rack/lock.rb:17:in `call'
  actionpack (4.0.0) lib/action_dispatch/middleware/static.rb:64:in `call'
  railties (4.0.0) lib/rails/engine.rb:511:in `call'
  railties (4.0.0) lib/rails/application.rb:97:in `call'
  rack (1.5.2) lib/rack/content_length.rb:14:in `call'
  thin (1.5.1) lib/thin/connection.rb:81:in `block in pre_process'
  thin (1.5.1) lib/thin/connection.rb:79:in `catch'
  thin (1.5.1) lib/thin/connection.rb:79:in `pre_process'
  thin (1.5.1) lib/thin/connection.rb:54:in `process'
  thin (1.5.1) lib/thin/connection.rb:39:in `receive_data'
  eventmachine (1.0.3) lib/eventmachine.rb:187:in `run_machine'
  eventmachine (1.0.3) lib/eventmachine.rb:187:in `run'
  thin (1.5.1) lib/thin/backends/base.rb:63:in `start'
  thin (1.5.1) lib/thin/server.rb:159:in `start'
  rack (1.5.2) lib/rack/handler/thin.rb:16:in `run'
  rack (1.5.2) lib/rack/server.rb:264:in `start'
  railties (4.0.0) lib/rails/commands/server.rb:84:in `start'
  railties (4.0.0) lib/rails/commands.rb:78:in `block in <top (required)>'
  railties (4.0.0) lib/rails/commands.rb:73:in `tap'
  railties (4.0.0) lib/rails/commands.rb:73:in `<top (required)>'
  bin/rails:4:in `require'
  bin/rails:4:in `<main>'


  Rendered /home/vagrant/.rvm/gems/ruby-2.0.0-p247/gems/actionpack-4.0.0/lib/action_dispatch/middleware/templates/rescues/_trace.erb (2.6ms)
  Rendered /home/vagrant/.rvm/gems/ruby-2.0.0-p247/gems/actionpack-4.0.0/lib/action_dispatch/middleware/templates/routes/_route.html.erb (2.3ms)
  Rendered /home/vagrant/.rvm/gems/ruby-2.0.0-p247/gems/actionpack-4.0.0/lib/action_dispatch/middleware/templates/routes/_table.html.erb (14.3ms)
  Rendered /home/vagrant/.rvm/gems/ruby-2.0.0-p247/gems/actionpack-4.0.0/lib/action_dispatch/middleware/templates/rescues/routing_error.erb within rescues/layout (79.9ms)
Started GET "/" for 192.168.33.1 at 2013-09-23 18:33:24 +0000
Processing by WelcomeController#index as HTML
  Rendered welcome/index.html.erb within layouts/application (0.2ms)
  Rendered shared/_header.html.erb (6.1ms)
  Rendered shared/_footer.html.erb (19.4ms)
Completed 200 OK in 687ms (Views: 685.4ms | ActiveRecord: 0.0ms)
Started GET "/" for 192.168.33.1 at 2013-09-23 18:33:56 +0000
Processing by WelcomeController#index as HTML
  Rendered welcome/index.html.erb within layouts/application (0.2ms)
  Rendered shared/_header.html.erb (4.0ms)
  Rendered shared/_footer.html.erb (90.8ms)
Completed 500 Internal Server Error in 789ms

ActionView::Template::Error (undefined local variable or method `address' for #<#<Class:0xa7f1750>:0xa7fbbb0>):
    32:     <div class="container">
    33:       <div class="span4">
    34:         <address class="address-item">
    35:           <%= content_tag :p, address, class: "lead" %>
    36:         </address>
    37:       </div>
    38:     </div>
  app/views/shared/_footer.html.erb:35:in `_app_views_shared__footer_html_erb___895633788_88262460'
  app/views/layouts/application.html.erb:24:in `_app_views_layouts_application_html_erb___785690678_88112250'


  Rendered /home/vagrant/.rvm/gems/ruby-2.0.0-p247/gems/actionpack-4.0.0/lib/action_dispatch/middleware/templates/rescues/_trace.erb (2.3ms)
  Rendered /home/vagrant/.rvm/gems/ruby-2.0.0-p247/gems/actionpack-4.0.0/lib/action_dispatch/middleware/templates/rescues/_request_and_response.erb (1.6ms)
  Rendered /home/vagrant/.rvm/gems/ruby-2.0.0-p247/gems/actionpack-4.0.0/lib/action_dispatch/middleware/templates/rescues/template_error.erb within rescues/layout (19.9ms)
Started GET "/" for 192.168.33.1 at 2013-09-23 18:34:08 +0000
Processing by WelcomeController#index as HTML
  Rendered welcome/index.html.erb within layouts/application (0.2ms)
  Rendered shared/_header.html.erb (2.7ms)
  Rendered shared/_footer.html.erb (18.2ms)
Completed 200 OK in 592ms (Views: 590.3ms | ActiveRecord: 0.0ms)
Started GET "/" for 192.168.33.1 at 2013-09-23 18:38:25 +0000
Processing by WelcomeController#index as HTML
  Rendered welcome/index.html.erb within layouts/application (0.2ms)
  Rendered shared/_header.html.erb (3.4ms)
  Rendered shared/_footer.html.erb (20.8ms)
Completed 200 OK in 756ms (Views: 753.5ms | ActiveRecord: 0.0ms)
Started GET "/" for 192.168.33.1 at 2013-09-23 18:41:09 +0000
Processing by WelcomeController#index as HTML
  Rendered welcome/index.html.erb within layouts/application (0.2ms)
  Rendered shared/_header.html.erb (4.4ms)
  Rendered shared/_footer.html.erb (22.6ms)
Completed 200 OK in 790ms (Views: 788.4ms | ActiveRecord: 0.0ms)
Started GET "/" for 192.168.33.1 at 2013-09-23 18:42:39 +0000
Processing by WelcomeController#index as HTML
  Rendered welcome/index.html.erb within layouts/application (0.2ms)
  Rendered shared/_header.html.erb (78.9ms)
  Rendered shared/_footer.html.erb (16.3ms)
Completed 200 OK in 683ms (Views: 682.0ms | ActiveRecord: 0.0ms)
Started GET "/" for 192.168.33.1 at 2013-09-23 18:43:09 +0000
Processing by WelcomeController#index as HTML
  Rendered welcome/index.html.erb within layouts/application (1.2ms)
  Rendered shared/_header.html.erb (5.1ms)
  Rendered shared/_footer.html.erb (26.4ms)
Completed 200 OK in 703ms (Views: 701.9ms | ActiveRecord: 0.0ms)
Started GET "/" for 192.168.33.1 at 2013-09-23 18:43:22 +0000
Processing by WelcomeController#index as HTML
  Rendered welcome/index.html.erb within layouts/application (1.1ms)
  Rendered shared/_header.html.erb (4.6ms)
  Rendered shared/_footer.html.erb (20.6ms)
Completed 200 OK in 654ms (Views: 653.0ms | ActiveRecord: 0.0ms)
Started GET "/" for 192.168.33.1 at 2013-09-23 18:43:54 +0000
Processing by WelcomeController#index as HTML
  Rendered welcome/index.html.erb within layouts/application (1.6ms)
  Rendered shared/_header.html.erb (3.7ms)
  Rendered shared/_footer.html.erb (16.3ms)
Completed 200 OK in 656ms (Views: 654.8ms | ActiveRecord: 0.0ms)
Started GET "/" for 192.168.33.1 at 2013-09-23 18:44:28 +0000
Processing by WelcomeController#index as HTML
  Rendered welcome/index.html.erb within layouts/application (1.0ms)
  Rendered shared/_header.html.erb (5.0ms)
  Rendered shared/_footer.html.erb (23.6ms)
Completed 200 OK in 744ms (Views: 742.8ms | ActiveRecord: 0.0ms)
Started GET "/" for 192.168.33.1 at 2013-09-23 18:45:04 +0000
Processing by WelcomeController#index as HTML
  Rendered welcome/index.html.erb within layouts/application (1.6ms)
  Rendered shared/_header.html.erb (4.9ms)
  Rendered shared/_footer.html.erb (18.3ms)
Completed 200 OK in 679ms (Views: 677.6ms | ActiveRecord: 0.0ms)
Started GET "/" for 192.168.33.1 at 2013-09-23 18:45:12 +0000
Processing by WelcomeController#index as HTML
  Rendered welcome/index.html.erb within layouts/application (1.2ms)
  Rendered shared/_header.html.erb (2.6ms)
  Rendered shared/_footer.html.erb (18.2ms)
Completed 200 OK in 691ms (Views: 689.1ms | ActiveRecord: 0.0ms)
Started GET "/" for 192.168.33.1 at 2013-09-23 18:46:18 +0000
Processing by WelcomeController#index as HTML
  Rendered welcome/index.html.erb within layouts/application (1.1ms)
  Rendered shared/_header.html.erb (5.5ms)
  Rendered shared/_footer.html.erb (18.3ms)
Completed 200 OK in 698ms (Views: 696.2ms | ActiveRecord: 0.0ms)
Started GET "/" for 192.168.33.1 at 2013-09-23 18:46:57 +0000
Processing by WelcomeController#index as HTML
  Rendered welcome/index.html.erb within layouts/application (0.8ms)
  Rendered shared/_header.html.erb (2.9ms)
  Rendered shared/_footer.html.erb (17.9ms)
Completed 200 OK in 596ms (Views: 594.2ms | ActiveRecord: 0.0ms)
Started GET "/" for 192.168.33.1 at 2013-09-23 18:49:52 +0000
Processing by WelcomeController#index as HTML
  Rendered welcome/index.html.erb within layouts/application (1.1ms)
Compiled application.css  (5170ms)  (pid 2922)
  Rendered shared/_header.html.erb (4.2ms)
  Rendered shared/_footer.html.erb (21.6ms)
Completed 200 OK in 5896ms (Views: 5894.6ms | ActiveRecord: 0.0ms)
Started GET "/" for 192.168.33.1 at 2013-09-23 18:50:14 +0000
Processing by WelcomeController#index as HTML
  Rendered welcome/index.html.erb within layouts/application (0.2ms)
Compiled application.css  (5346ms)  (pid 2922)
  Rendered shared/_header.html.erb (3.1ms)
  Rendered shared/_footer.html.erb (45.3ms)
Completed 200 OK in 6030ms (Views: 6028.5ms | ActiveRecord: 0.0ms)
Started GET "/" for 192.168.33.1 at 2013-09-23 18:58:55 +0000
Processing by WelcomeController#index as HTML
  Rendered welcome/index.html.erb within layouts/application (1.1ms)
  Rendered shared/_header.html.erb (5.0ms)
  Rendered shared/_footer.html.erb (21.4ms)
Completed 200 OK in 746ms (Views: 744.7ms | ActiveRecord: 0.0ms)
Started GET "/" for 192.168.33.1 at 2013-09-23 19:01:42 +0000
Processing by WelcomeController#index as HTML
  Rendered welcome/index.html.erb within layouts/application (2.5ms)
  Rendered shared/_header.html.erb (5.0ms)
  Rendered shared/_footer.html.erb (21.9ms)
Completed 200 OK in 839ms (Views: 837.5ms | ActiveRecord: 0.0ms)
Started GET "/" for 192.168.33.1 at 2013-09-23 19:02:00 +0000
Processing by WelcomeController#index as HTML
  Rendered welcome/index.html.erb within layouts/application (0.6ms)
  Rendered shared/_header.html.erb (3.5ms)
  Rendered shared/_footer.html.erb (16.7ms)
Completed 200 OK in 682ms (Views: 677.7ms | ActiveRecord: 0.0ms)
Started GET "/" for 192.168.33.1 at 2013-09-23 19:03:18 +0000
  [1m[36mActiveRecord::SchemaMigration Load (0.5ms)[0m  [1mSELECT `schema_migrations`.* FROM `schema_migrations`[0m
Processing by WelcomeController#index as HTML
  Rendered welcome/index.html.erb within layouts/application (1032.5ms)
  Rendered shared/_header.html.erb (40.1ms)
  Rendered shared/_footer.html.erb (217.8ms)
Completed 200 OK in 2755ms (Views: 2654.1ms | ActiveRecord: 0.0ms)
Started GET "/" for 192.168.33.1 at 2013-09-23 19:04:55 +0000
Processing by WelcomeController#index as HTML
  Rendered welcome/index.html.erb within layouts/application (870.2ms)
  Rendered shared/_header.html.erb (2.7ms)
  Rendered shared/_footer.html.erb (20.7ms)
Completed 200 OK in 1448ms (Views: 1443.8ms | ActiveRecord: 0.0ms)
Started GET "/" for 192.168.33.1 at 2013-09-23 19:05:45 +0000
Processing by WelcomeController#index as HTML
  Rendered welcome/index.html.erb within layouts/application (1.8ms)
  Rendered shared/_header.html.erb (2.9ms)
  Rendered shared/_footer.html.erb (20.3ms)
Completed 200 OK in 650ms (Views: 647.6ms | ActiveRecord: 0.0ms)
Started GET "/" for 192.168.33.1 at 2013-09-23 19:06:31 +0000
Processing by WelcomeController#index as HTML
  Rendered welcome/index.html.erb within layouts/application (1.4ms)
  Rendered shared/_header.html.erb (3.8ms)
  Rendered shared/_footer.html.erb (19.6ms)
Completed 200 OK in 621ms (Views: 620.1ms | ActiveRecord: 0.0ms)
Started GET "/" for 192.168.33.1 at 2013-09-23 19:07:03 +0000
Processing by WelcomeController#index as HTML
  Rendered welcome/index.html.erb within layouts/application (3.3ms)
  Rendered shared/_header.html.erb (2.6ms)
  Rendered shared/_footer.html.erb (17.3ms)
Completed 200 OK in 700ms (Views: 698.5ms | ActiveRecord: 0.0ms)
Started GET "/" for 192.168.33.1 at 2013-09-23 19:08:08 +0000
Processing by WelcomeController#index as HTML
  Rendered welcome/index.html.erb within layouts/application (1339.5ms)
  Rendered shared/_header.html.erb (5.8ms)
  Rendered shared/_footer.html.erb (23.1ms)
Completed 200 OK in 2027ms (Views: 2024.4ms | ActiveRecord: 0.0ms)
Started GET "/" for 192.168.33.1 at 2013-09-23 19:08:25 +0000
Processing by WelcomeController#index as HTML
  Rendered welcome/index.html.erb within layouts/application (1.9ms)
  Rendered shared/_header.html.erb (13.5ms)
  Rendered shared/_footer.html.erb (69.8ms)
Completed 200 OK in 947ms (Views: 945.3ms | ActiveRecord: 0.0ms)
Started GET "/" for 192.168.33.1 at 2013-09-23 19:09:04 +0000
Processing by WelcomeController#index as HTML
  Rendered welcome/index.html.erb within layouts/application (1.9ms)
  Rendered shared/_header.html.erb (2.8ms)
  Rendered shared/_footer.html.erb (73.5ms)
Completed 200 OK in 646ms (Views: 644.4ms | ActiveRecord: 0.0ms)
Started GET "/" for 192.168.33.1 at 2013-09-23 19:10:02 +0000
Processing by WelcomeController#index as HTML
  Rendered welcome/index.html.erb within layouts/application (976.6ms)
  Rendered shared/_header.html.erb (7.4ms)
  Rendered shared/_footer.html.erb (20.1ms)
Completed 200 OK in 1656ms (Views: 1654.1ms | ActiveRecord: 0.0ms)
Started GET "/" for 192.168.33.1 at 2013-09-23 19:10:29 +0000
Processing by WelcomeController#index as HTML
  Rendered welcome/index.html.erb within layouts/application (2.3ms)
  Rendered shared/_header.html.erb (4.3ms)
  Rendered shared/_footer.html.erb (21.4ms)
Completed 200 OK in 667ms (Views: 665.1ms | ActiveRecord: 0.0ms)
Started GET "/" for 192.168.33.1 at 2013-09-23 19:10:59 +0000
Processing by WelcomeController#index as HTML
  Rendered welcome/index.html.erb within layouts/application (1093.9ms)
  Rendered shared/_header.html.erb (13.2ms)
  Rendered shared/_footer.html.erb (19.3ms)
Completed 200 OK in 1770ms (Views: 1768.3ms | ActiveRecord: 0.0ms)
Started GET "/" for 192.168.33.1 at 2013-09-23 19:11:16 +0000
Processing by WelcomeController#index as HTML
  Rendered welcome/index.html.erb within layouts/application (2.3ms)
  Rendered shared/_header.html.erb (4.3ms)
  Rendered shared/_footer.html.erb (25.5ms)
Completed 200 OK in 741ms (Views: 738.8ms | ActiveRecord: 0.0ms)
Started GET "/" for 192.168.33.1 at 2013-09-23 19:11:59 +0000
Processing by WelcomeController#index as HTML
  Rendered welcome/index.html.erb within layouts/application (914.4ms)
  Rendered shared/_header.html.erb (5.1ms)
  Rendered shared/_footer.html.erb (17.4ms)
Completed 200 OK in 1542ms (Views: 1539.8ms | ActiveRecord: 0.0ms)
Started GET "/" for 192.168.33.1 at 2013-09-23 19:12:07 +0000
Processing by WelcomeController#index as HTML
  Rendered welcome/index.html.erb within layouts/application (5.7ms)
  Rendered shared/_header.html.erb (5.2ms)
  Rendered shared/_footer.html.erb (26.9ms)
Completed 200 OK in 692ms (Views: 690.0ms | ActiveRecord: 0.0ms)
Started GET "/" for 192.168.33.1 at 2013-09-23 19:15:53 +0000
Processing by WelcomeController#index as HTML
  Rendered welcome/index.html.erb within layouts/application (2.8ms)
  Rendered shared/_header.html.erb (6.0ms)
  Rendered shared/_footer.html.erb (20.0ms)
Completed 200 OK in 709ms (Views: 706.8ms | ActiveRecord: 0.0ms)
Started GET "/" for 192.168.33.1 at 2013-09-23 19:21:28 +0000
  [1m[36mActiveRecord::SchemaMigration Load (0.2ms)[0m  [1mSELECT `schema_migrations`.* FROM `schema_migrations`[0m
Processing by WelcomeController#index as HTML
  Rendered welcome/index.html.erb within layouts/application (1232.1ms)
  Rendered shared/_header.html.erb (24.0ms)
  Rendered shared/_footer.html.erb (208.8ms)
Completed 200 OK in 2806ms (Views: 2729.1ms | ActiveRecord: 0.0ms)
Started GET "/" for 192.168.33.1 at 2013-09-23 19:22:57 +0000
Processing by WelcomeController#index as HTML
  Rendered welcome/index.html.erb within layouts/application (2.7ms)
  Rendered shared/_header.html.erb (5.5ms)
  Rendered shared/_footer.html.erb (21.9ms)
Completed 200 OK in 724ms (Views: 722.4ms | ActiveRecord: 0.0ms)
Started GET "/" for 192.168.33.1 at 2013-09-23 19:23:43 +0000
Processing by WelcomeController#index as HTML
  Rendered welcome/index.html.erb within layouts/application (1.8ms)
  Rendered shared/_header.html.erb (3.1ms)
  Rendered shared/_footer.html.erb (17.7ms)
Completed 200 OK in 613ms (Views: 611.4ms | ActiveRecord: 0.0ms)
Started GET "/" for 192.168.33.1 at 2013-09-23 19:23:54 +0000
Processing by WelcomeController#index as HTML
  Rendered welcome/index.html.erb within layouts/application (2.1ms)
  Rendered shared/_header.html.erb (2.5ms)
  Rendered shared/_footer.html.erb (18.7ms)
Completed 200 OK in 735ms (Views: 732.6ms | ActiveRecord: 0.0ms)
Started GET "/" for 192.168.33.1 at 2013-09-23 19:24:24 +0000
Processing by WelcomeController#index as HTML
  Rendered welcome/index.html.erb within layouts/application (835.5ms)
  Rendered shared/_header.html.erb (2.9ms)
  Rendered shared/_footer.html.erb (23.5ms)
Completed 200 OK in 1437ms (Views: 1434.8ms | ActiveRecord: 0.0ms)
Started GET "/images/favicon.ico" for 192.168.33.1 at 2013-09-23 19:24:29 +0000

ActionController::RoutingError (No route matches [GET] "/images/favicon.ico"):
  actionpack (4.0.0) lib/action_dispatch/middleware/debug_exceptions.rb:21:in `call'
  actionpack (4.0.0) lib/action_dispatch/middleware/show_exceptions.rb:30:in `call'
  railties (4.0.0) lib/rails/rack/logger.rb:38:in `call_app'
  railties (4.0.0) lib/rails/rack/logger.rb:23:in `call'
  actionpack (4.0.0) lib/action_dispatch/middleware/request_id.rb:21:in `call'
  rack (1.5.2) lib/rack/methodoverride.rb:21:in `call'
  rack (1.5.2) lib/rack/runtime.rb:17:in `call'
  activesupport (4.0.0) lib/active_support/cache/strategy/local_cache.rb:83:in `call'
  rack (1.5.2) lib/rack/lock.rb:17:in `call'
  actionpack (4.0.0) lib/action_dispatch/middleware/static.rb:64:in `call'
  railties (4.0.0) lib/rails/engine.rb:511:in `call'
  railties (4.0.0) lib/rails/application.rb:97:in `call'
  rack (1.5.2) lib/rack/content_length.rb:14:in `call'
  thin (1.5.1) lib/thin/connection.rb:81:in `block in pre_process'
  thin (1.5.1) lib/thin/connection.rb:79:in `catch'
  thin (1.5.1) lib/thin/connection.rb:79:in `pre_process'
  thin (1.5.1) lib/thin/connection.rb:54:in `process'
  thin (1.5.1) lib/thin/connection.rb:39:in `receive_data'
  eventmachine (1.0.3) lib/eventmachine.rb:187:in `run_machine'
  eventmachine (1.0.3) lib/eventmachine.rb:187:in `run'
  thin (1.5.1) lib/thin/backends/base.rb:63:in `start'
  thin (1.5.1) lib/thin/server.rb:159:in `start'
  rack (1.5.2) lib/rack/handler/thin.rb:16:in `run'
  rack (1.5.2) lib/rack/server.rb:264:in `start'
  railties (4.0.0) lib/rails/commands/server.rb:84:in `start'
  railties (4.0.0) lib/rails/commands.rb:78:in `block in <top (required)>'
  railties (4.0.0) lib/rails/commands.rb:73:in `tap'
  railties (4.0.0) lib/rails/commands.rb:73:in `<top (required)>'
  bin/rails:4:in `require'
  bin/rails:4:in `<main>'


  Rendered /home/vagrant/.rvm/gems/ruby-2.0.0-p247/gems/actionpack-4.0.0/lib/action_dispatch/middleware/templates/rescues/_trace.erb (2.1ms)
  Rendered /home/vagrant/.rvm/gems/ruby-2.0.0-p247/gems/actionpack-4.0.0/lib/action_dispatch/middleware/templates/routes/_route.html.erb (1.2ms)
  Rendered /home/vagrant/.rvm/gems/ruby-2.0.0-p247/gems/actionpack-4.0.0/lib/action_dispatch/middleware/templates/routes/_table.html.erb (12.5ms)
  Rendered /home/vagrant/.rvm/gems/ruby-2.0.0-p247/gems/actionpack-4.0.0/lib/action_dispatch/middleware/templates/rescues/routing_error.erb within rescues/layout (51.1ms)
Started GET "/" for 192.168.33.1 at 2013-09-23 19:25:09 +0000
Processing by WelcomeController#index as HTML
  Rendered welcome/index.html.erb within layouts/application (3.0ms)
  Rendered shared/_header.html.erb (2.6ms)
  Rendered shared/_footer.html.erb (95.2ms)
Completed 200 OK in 685ms (Views: 683.6ms | ActiveRecord: 0.0ms)
Started GET "/images/favicon.ico" for 192.168.33.1 at 2013-09-23 19:25:13 +0000

ActionController::RoutingError (No route matches [GET] "/images/favicon.ico"):
  actionpack (4.0.0) lib/action_dispatch/middleware/debug_exceptions.rb:21:in `call'
  actionpack (4.0.0) lib/action_dispatch/middleware/show_exceptions.rb:30:in `call'
  railties (4.0.0) lib/rails/rack/logger.rb:38:in `call_app'
  railties (4.0.0) lib/rails/rack/logger.rb:23:in `call'
  actionpack (4.0.0) lib/action_dispatch/middleware/request_id.rb:21:in `call'
  rack (1.5.2) lib/rack/methodoverride.rb:21:in `call'
  rack (1.5.2) lib/rack/runtime.rb:17:in `call'
  activesupport (4.0.0) lib/active_support/cache/strategy/local_cache.rb:83:in `call'
  rack (1.5.2) lib/rack/lock.rb:17:in `call'
  actionpack (4.0.0) lib/action_dispatch/middleware/static.rb:64:in `call'
  railties (4.0.0) lib/rails/engine.rb:511:in `call'
  railties (4.0.0) lib/rails/application.rb:97:in `call'
  rack (1.5.2) lib/rack/content_length.rb:14:in `call'
  thin (1.5.1) lib/thin/connection.rb:81:in `block in pre_process'
  thin (1.5.1) lib/thin/connection.rb:79:in `catch'
  thin (1.5.1) lib/thin/connection.rb:79:in `pre_process'
  thin (1.5.1) lib/thin/connection.rb:54:in `process'
  thin (1.5.1) lib/thin/connection.rb:39:in `receive_data'
  eventmachine (1.0.3) lib/eventmachine.rb:187:in `run_machine'
  eventmachine (1.0.3) lib/eventmachine.rb:187:in `run'
  thin (1.5.1) lib/thin/backends/base.rb:63:in `start'
  thin (1.5.1) lib/thin/server.rb:159:in `start'
  rack (1.5.2) lib/rack/handler/thin.rb:16:in `run'
  rack (1.5.2) lib/rack/server.rb:264:in `start'
  railties (4.0.0) lib/rails/commands/server.rb:84:in `start'
  railties (4.0.0) lib/rails/commands.rb:78:in `block in <top (required)>'
  railties (4.0.0) lib/rails/commands.rb:73:in `tap'
  railties (4.0.0) lib/rails/commands.rb:73:in `<top (required)>'
  bin/rails:4:in `require'
  bin/rails:4:in `<main>'


  Rendered /home/vagrant/.rvm/gems/ruby-2.0.0-p247/gems/actionpack-4.0.0/lib/action_dispatch/middleware/templates/rescues/_trace.erb (1.5ms)
  Rendered /home/vagrant/.rvm/gems/ruby-2.0.0-p247/gems/actionpack-4.0.0/lib/action_dispatch/middleware/templates/routes/_route.html.erb (1.4ms)
  Rendered /home/vagrant/.rvm/gems/ruby-2.0.0-p247/gems/actionpack-4.0.0/lib/action_dispatch/middleware/templates/routes/_table.html.erb (2.9ms)
  Rendered /home/vagrant/.rvm/gems/ruby-2.0.0-p247/gems/actionpack-4.0.0/lib/action_dispatch/middleware/templates/rescues/routing_error.erb within rescues/layout (26.0ms)
Started GET "/" for 192.168.33.1 at 2013-09-23 19:26:02 +0000
Processing by WelcomeController#index as HTML
  Rendered welcome/index.html.erb within layouts/application (1.7ms)
  Rendered shared/_header.html.erb (2.9ms)
  Rendered shared/_footer.html.erb (16.4ms)
Completed 200 OK in 726ms (Views: 724.4ms | ActiveRecord: 0.0ms)
Started GET "/" for 192.168.33.1 at 2013-09-23 19:26:21 +0000
Processing by WelcomeController#index as HTML
  Rendered welcome/index.html.erb within layouts/application (6.1ms)
Completed 500 Internal Server Error in 5172ms

ActionView::Template::Error (File to import not found or unreadable: pages/default-register.
Load paths:
  /vagrant/default/app/assets/fonts
  /vagrant/default/app/assets/images
  /vagrant/default/app/assets/javascripts
  /vagrant/default/app/assets/stylesheets
  /vagrant/default/vendor/assets/components
  /vagrant/default/vendor/assets/javascripts
  /vagrant/default/vendor/assets/stylesheets
  /home/vagrant/.rvm/gems/ruby-2.0.0-p247/gems/nprogress-rails-0.1.2.3/vendor/assets/javascripts
  /home/vagrant/.rvm/gems/ruby-2.0.0-p247/gems/nprogress-rails-0.1.2.3/vendor/assets/stylesheets
  /home/vagrant/.rvm/gems/ruby-2.0.0-p247/gems/turbolinks-1.3.0/lib/assets/javascripts
  /vagrant/default/vendor/assets/components
  (in /vagrant/default/app/assets/stylesheets/application.scss:27)):
    13: 
    14: 
    15:     <link href='http://fonts.googleapis.com/css?family=Raleway:300,400,600' rel='stylesheet' type='text/css'>
    16:     <%= stylesheet_link_tag    "application", media: "all", "data-turbolinks-track" => true %>
    17:     <%= javascript_include_tag "application", "data-turbolinks-track" => true %>
    18:     <%= csrf_meta_tags %>
    19: 
  app/assets/stylesheets/application.scss:27
  app/views/layouts/application.html.erb:16:in `_app_views_layouts_application_html_erb__562713233_87872580'


  Rendered /home/vagrant/.rvm/gems/ruby-2.0.0-p247/gems/actionpack-4.0.0/lib/action_dispatch/middleware/templates/rescues/_trace.erb (5.9ms)
  Rendered /home/vagrant/.rvm/gems/ruby-2.0.0-p247/gems/actionpack-4.0.0/lib/action_dispatch/middleware/templates/rescues/_request_and_response.erb (2.3ms)
  Rendered /home/vagrant/.rvm/gems/ruby-2.0.0-p247/gems/actionpack-4.0.0/lib/action_dispatch/middleware/templates/rescues/template_error.erb within rescues/layout (28.7ms)
Started GET "/" for 192.168.33.1 at 2013-09-23 19:26:50 +0000
Processing by WelcomeController#index as HTML
  Rendered welcome/index.html.erb within layouts/application (2.6ms)
Compiled application.css  (4845ms)  (pid 2954)
  Rendered shared/_header.html.erb (8.4ms)
  Rendered shared/_footer.html.erb (20.4ms)
Completed 200 OK in 6228ms (Views: 6227.1ms | ActiveRecord: 0.0ms)
Started GET "/" for 192.168.33.1 at 2013-09-23 19:27:33 +0000
Processing by WelcomeController#index as HTML
  Rendered welcome/index.html.erb within layouts/application (3.3ms)
  Rendered shared/_header.html.erb (5.4ms)
  Rendered shared/_footer.html.erb (28.0ms)
Completed 200 OK in 1013ms (Views: 1011.0ms | ActiveRecord: 0.0ms)
Started GET "/" for 192.168.33.1 at 2013-09-23 19:28:21 +0000
  [1m[36mActiveRecord::SchemaMigration Load (0.2ms)[0m  [1mSELECT `schema_migrations`.* FROM `schema_migrations`[0m
Processing by WelcomeController#index as HTML
  Rendered welcome/index.html.erb within layouts/application (1035.9ms)
  Rendered shared/_header.html.erb (31.2ms)
  Rendered shared/_footer.html.erb (209.4ms)
Completed 200 OK in 2818ms (Views: 2728.8ms | ActiveRecord: 0.0ms)
